<testExecutions version="1">
<file path="tests/Preco.test.ts">
<testCase name="Preco Quando o objeto &#xe9; criado Deve lan&#xe7;ar um erro se o valor inicial for negativo" duration="18" />
<testCase name="Preco Quando o objeto &#xe9; criado Deve criar o objeto corretamente se o valor inicial for positivo" duration="1" />
<testCase name="Preco Quando somar dois pre&#xe7;os Deve retornar um novo objeto com a soma dos valores" duration="1" />
<testCase name="Preco Quando subtrair dois pre&#xe7;os Deve retornar um novo objeto com o valor restante" duration="1" />
<testCase name="Preco Quando subtrair dois pre&#xe7;os Deve lan&#xe7;ar um erro se o valor a subtrair for maior que o atual" duration="1" />
<testCase name="Preco Quando chamar o m&#xe9;todo toString Deve retornar uma string formatada corretamente" duration="1" />
</file>
<file path="tests/ItemGateway.test.ts">
<testCase name="ItemGateway Cen&#xe1;rio: Salvar um novo item DADO um item v&#xe1;lido, QUANDO eu tentar salv&#xe1;-lo, ENT&#xc3;O deve ser salvo com sucesso" duration="4" />
<testCase name="ItemGateway Cen&#xe1;rio: Modificar o pre&#xe7;o de um item DADO um item existente, QUANDO eu modificar seu pre&#xe7;o, ENT&#xc3;O o pre&#xe7;o deve ser atualizado corretamente" duration="11" />
<testCase name="ItemGateway Cen&#xe1;rio: Pesquisar um item pelo ID DADO um ID v&#xe1;lido, QUANDO eu buscar o item, ENT&#xc3;O deve retornar os dados do item corretamente" duration="4" />
<testCase name="ItemGateway Cen&#xe1;rio: Buscar um item inexistente DADO um ID inv&#xe1;lido, QUANDO eu tentar buscar o item, ENT&#xc3;O deve lan&#xe7;ar um erro dizendo &apos;Item n&#xe3;o existe&apos;" duration="13" />
<testCase name="ItemGateway Cen&#xe1;rio: Excluir um item pelo ID DADO um ID de item existente, QUANDO eu tentar exclu&#xed;-lo, ENT&#xc3;O o item deve ser removido com sucesso" duration="1" />
<testCase name="ItemGateway Cen&#xe1;rio: Tentar excluir um item inexistente DADO um ID de item inexistente, QUANDO eu tentar exclu&#xed;-lo, ENT&#xc3;O deve lan&#xe7;ar um erro dizendo &apos;Registro n&#xe3;o encontrado&apos;" duration="2" />
<testCase name="ItemGateway Cen&#xe1;rio: Listar itens por categoria DADO uma categoria v&#xe1;lida, QUANDO eu buscar os itens dessa categoria, ENT&#xc3;O deve retornar uma lista de itens correspondentes" duration="1" />
</file>
<file path="tests/ListarItensUseCase.test.ts">
<testCase name="ListarItensUseCase deve listar itens por categoria v&#xe1;lida" duration="13" />
<testCase name="ListarItensUseCase deve lan&#xe7;ar erro ao tentar listar itens por categoria inv&#xe1;lida" duration="8" />
<testCase name="ListarItensUseCase deve retornar uma lista vazia quando n&#xe3;o houver itens para a categoria" duration="1" />
</file>
<file path="tests/CadastrarItemUseCase.test.ts">
<testCase name="Cadastrar itens no sistema Cen&#xe1;rio: Salvar um item com pre&#xe7;o negativo DADO um item com pre&#xe7;o negativo, QUANDO eu tentar salv&#xe1;-lo ENT&#xc3;O deve lan&#xe7;ar um erro &apos;Valor do pre&#xe7;o n&#xe3;o pode ser negativo&apos;" duration="24" />
<testCase name="Cadastrar itens no sistema Cen&#xe1;rio: Salvar um item sem nome DADO um item sem nome, QUANDO eu tentar salv&#xe1;-lo, ENT&#xc3;O deve lan&#xe7;ar um erro dizendo &apos;O nome do item &#xe9; obrigat&#xf3;rio&apos;" duration="6" />
<testCase name="Cadastrar itens no sistema Cen&#xe1;rio: Buscar um item inexistente DADO um ID de item inexistente, QUANDO eu tentar busc&#xe1;-lo, ENT&#xc2;O deve lan&#xe7;ar um erro dizendo &apos;Item n&#xe3;o existe&apos;" duration="2" />
<testCase name="Cadastrar itens no sistema Cen&#xe1;rio: Deletar um item pelo &#xed;ndice DADO um ID de item existente, QUANDO eu delet&#xe1;-lo, ENT&#xc3;O deve ser deletado com sucesso" duration="2" />
<testCase name="Cadastrar itens no sistema Scenario: Tentar deletar um item inexistente DADO um ID de item inexistente, QUANDO eu tentar delet&#xe1;-lo, ENT&#xc3;O deve lan&#xe7;ar um erro dizendo &apos;Registro n&#xe3;o encontrado&apos;" duration="1" />
</file>
<file path="tests/ItemController.test.ts">
<testCase name="ItemController Cen&#xe1;rio: Salvar um novo item DADO um item v&#xe1;lido, QUANDO eu tentar salv&#xe1;-lo, ENT&#xc3;O deve ser salvo com sucesso" duration="12" />
<testCase name="ItemController Cen&#xe1;rio: Tentar salvar um item com dados inv&#xe1;lidos DADO um item com dados inv&#xe1;lidos, QUANDO eu tentar salv&#xe1;-lo, ENT&#xc3;O deve lan&#xe7;ar um erro" duration="11" />
<testCase name="ItemController Cen&#xe1;rio: Editar um item existente DADO um item existente com novas informa&#xe7;&#xf5;es, QUANDO eu tentar edit&#xe1;-lo, ENT&#xc3;O deve ser atualizado com sucesso" duration="1" />
<testCase name="ItemController Cen&#xe1;rio: Excluir um item existente DADO um item existente, QUANDO eu tentar exclu&#xed;-lo, ENT&#xc3;O deve ser removido com sucesso" duration="1" />
<testCase name="ItemController Cen&#xe1;rio: Tentar excluir um item inexistente DADO um item inexistente, QUANDO eu tentar exclu&#xed;-lo, ENT&#xc3;O deve lan&#xe7;ar um erro" duration="1" />
<testCase name="ItemController Cen&#xe1;rio: Listar itens por categoria v&#xe1;lida DADO uma categoria v&#xe1;lida, QUANDO eu buscar os itens, ENT&#xc3;O deve retornar uma lista de itens correspondentes" duration="1" />
<testCase name="ItemController Cen&#xe1;rio: Listar itens por categoria inv&#xe1;lida DADO uma categoria inv&#xe1;lida, QUANDO eu buscar os itens, ENT&#xc3;O deve lan&#xe7;ar um erro" duration="1" />
</file>
</testExecutions>